app/mapping.txt
com.huaye.odyandroidstore.MainActivity -> com.huaye.odyandroidstore.MainActivity:
    com.huaye.odyandroidstore.library.LibraryFragment libraryFragment -> o
    android.support.v4.app.FragmentManager fm -> p
    android.support.design.widget.BottomNavigationView navigationView -> q
    void <init>() -> <init>
    void init() -> j
    int bindLayout() -> k
    void initView() -> l
    void initListener() -> m
    com.huaye.odyandroidstore.library.LibraryFragment access$000(com.huaye.odyandroidstore.MainActivity) -> a
    android.support.v4.app.FragmentManager access$100(com.huaye.odyandroidstore.MainActivity) -> b
com.huaye.odyandroidstore.MainActivity$1 -> com.huaye.odyandroidstore.MainActivity$1:
    com.huaye.odyandroidstore.MainActivity this$0 -> a
    void <init>(com.huaye.odyandroidstore.MainActivity) -> <init>
    boolean onNavigationItemSelected(android.view.MenuItem) -> a
com.huaye.odyandroidstore.R -> com.huaye.odyandroidstore.R:
com.huaye.odyandroidstore.R$anim -> com.huaye.odyandroidstore.R$anim:
    int abc_fade_in -> abc_fade_in
    int abc_fade_out -> abc_fade_out
    int abc_grow_fade_in_from_bottom -> abc_grow_fade_in_from_bottom
    int abc_popup_enter -> abc_popup_enter
    int abc_popup_exit -> abc_popup_exit
    int abc_shrink_fade_out_from_bottom -> abc_shrink_fade_out_from_bottom
    int abc_slide_in_bottom -> abc_slide_in_bottom
    int abc_slide_in_top -> abc_slide_in_top
    int abc_slide_out_bottom -> abc_slide_out_bottom
    int abc_slide_out_top -> abc_slide_out_top
    int design_bottom_sheet_slide_in -> design_bottom_sheet_slide_in
    int design_bottom_sheet_slide_out -> design_bottom_sheet_slide_out
    int design_fab_in -> design_fab_in
    int design_fab_out -> design_fab_out
    int design_snackbar_in -> design_snackbar_in
    int design_snackbar_out -> design_snackbar_out
    void <init>() -> <init>
com.huaye.odyandroidstore.R$animator -> com.huaye.odyandroidstore.R$animator:
    int design_appbar_state_list_animator -> design_appbar_state_list_animator
    void <init>() -> <init>
com.huaye.odyandroidstore.R$attr -> com.huaye.odyandroidstore.R$attr:
    int actionBarDivider -> actionBarDivider
    int actionBarItemBackground -> actionBarItemBackground
    int actionBarPopupTheme -> actionBarPopupTheme
    int actionBarSize -> actionBarSize
    int actionBarSplitStyle -> actionBarSplitStyle
    int actionBarStyle -> actionBarStyle
    int actionBarTabBarStyle -> actionBarTabBarStyle
    int actionBarTabStyle -> actionBarTabStyle
    int actionBarTabTextStyle -> actionBarTabTextStyle
    int actionBarTheme -> actionBarTheme
    int actionBarWidgetTheme -> actionBarWidgetTheme
    int actionButtonStyle -> actionButtonStyle
    int actionDropDownStyle -> actionDropDownStyle
    int actionLayout -> actionLayout
    int actionMenuTextAppearance -> actionMenuTextAppearance
    int actionMenuTextColor -> actionMenuTextColor
    int actionModeBackground -> actionModeBackground
    int actionModeCloseButtonStyle -> actionModeCloseButtonStyle
    int actionModeCloseDrawable -> actionModeCloseDrawable
    int actionModeCopyDrawable -> actionModeCopyDrawable
    int actionModeCutDrawable -> actionModeCutDrawable
    int actionModeFindDrawable -> actionModeFindDrawable
    int actionModePasteDrawable -> actionModePasteDrawable
    int actionModePopupWindowStyle -> actionModePopupWindowStyle
    int actionModeSelectAllDrawable -> actionModeSelectAllDrawable
    int actionModeShareDrawable -> actionModeShareDrawable
...
cn.bmob.aar.R$string -> cn.bmob.aar.R$string:
    int BMAppUpdate -> BMAppUpdate
    int BMBreak_Network -> BMBreak_Network
    int BMDialog_InstallAPK -> BMDialog_InstallAPK
    int BMGprsCondition -> BMGprsCondition
    int BMIgnore -> BMIgnore
    int BMNewVersion -> BMNewVersion
    int BMNotNow -> BMNotNow
    int BMTargetSize -> BMTargetSize
    int BMToast_IsUpdating -> BMToast_IsUpdating
    int BMUpdateCheck -> BMUpdateCheck
    int BMUpdateContent -> BMUpdateContent
    int BMUpdateNow -> BMUpdateNow
    int BMUpdateSize -> BMUpdateSize
    int BMUpdateTitle -> BMUpdateTitle
    int bmob_common_action_cancel -> bmob_common_action_cancel
    int bmob_common_action_continue -> bmob_common_action_continue
    int bmob_common_action_info_exist -> bmob_common_action_info_exist
    int bmob_common_action_pause -> bmob_common_action_pause
    int bmob_common_download_failed -> bmob_common_download_failed
    int bmob_common_download_finish -> bmob_common_download_finish
    int bmob_common_download_notification_prefix -> bmob_common_download_notification_prefix
    int bmob_common_info_interrupt -> bmob_common_info_interrupt
    int bmob_common_network_break_alert -> bmob_common_network_break_alert
    int bmob_common_patch_finish -> bmob_common_patch_finish
    int bmob_common_pause_notification_prefix -> bmob_common_pause_notification_prefix
    int bmob_common_silent_download_finish -> bmob_common_silent_download_finish
cn.bmob.v3.AsyncCustomEndpoints -> cn.bmob.v3.AsyncCustomEndpoints:
    void <init>() -> <init>
    rx.Subscription callEndpoint(java.lang.String,cn.bmob.v3.listener.CloudCodeListener) -> callEndpoint
    rx.Observable callEndpointObservable(java.lang.String) -> callEndpointObservable
    rx.Subscription callEndpoint(java.lang.String,org.json.JSONObject,cn.bmob.v3.listener.CloudCodeListener) -> callEndpoint
    rx.Observable callEndpointObservable(java.lang.String,org.json.JSONObject) -> callEndpointObservable
    cn.bmob.v3.http.mine Code(java.lang.String,org.json.JSONObject,cn.bmob.v3.listener.CloudCodeListener) -> Code
cn.bmob.v3.AsyncCustomEndpoints$1 -> cn.bmob.v3.AsyncCustomEndpoints$1:
    void <init>(cn.bmob.v3.AsyncCustomEndpoints) -> <init>
    java.lang.Object Code(com.google.gson.JsonElement) -> Code
    java.lang.Object call(java.lang.Object) -> call
cn.bmob.v3.Bmob -> cn.bmob.v3.Bmob:
    byte[] V -> V
    org.json.JSONObject Code -> Code
    void <init>() -> <init>
    void initialize(android.content.Context,java.lang.String) -> initialize
    void initialize(android.content.Context,java.lang.String,java.lang.String) -> initialize
    void Code(android.content.Context,java.lang.String,java.lang.String,boolean) -> Code
    void initialize(cn.bmob.v3.BmobConfig) -> initialize
    java.io.File getCacheDir() -> getCacheDir
    java.io.File getFilesDir() -> getFilesDir
    java.io.File getCacheDir(java.lang.String) -> getCacheDir
    java.io.File getFilesDir(java.lang.String) -> getFilesDir
    void Code() -> Code
    android.content.Context getApplicationContext() -> getApplicationContext
    long getConnectTimeout() -> getConnectTimeout
    int getFileBlockSize() -> getFileBlockSize
    long getFileExpiration() -> getFileExpiration
    void uploadBatch(java.lang.String[],cn.bmob.v3.listener.UploadBatchListener) -> uploadBatch
    rx.Subscription getServerTime(cn.bmob.v3.listener.QueryListener) -> getServerTime
    rx.Observable getServerTimeObservable() -> getServerTimeObservable
    cn.bmob.v3.http.mine Code(cn.bmob.v3.listener.QueryListListener) -> Code
    rx.Subscription getAllTableSchema(cn.bmob.v3.listener.QueryListListener) -> getAllTableSchema
    rx.Observable getAllTableSchemaObservable() -> getAllTableSchemaObservable
    cn.bmob.v3.http.mine Code(java.lang.String,cn.bmob.v3.listener.QueryListener) -> Code